Arguments: 
  /root/.nvm/versions/node/v18.18.2/bin/node /usr/share/yarn/bin/yarn.js add cryptlex

PATH: 
  /root/.nvm/versions/node/v18.18.2/bin:/usr/local/sbin:/usr/local/bin:/usr/sbin:/usr/bin:/sbin:/bin:/usr/games:/usr/local/games:/snap/bin

Yarn version: 
  1.22.19

Node version: 
  18.18.2

Platform: 
  linux x64

Trace: 
  Error: https://registry.yarnpkg.com/cryptlex: Not found
      at params.callback [as _callback] (/usr/share/yarn/lib/cli.js:66145:18)
      at self.callback (/usr/share/yarn/lib/cli.js:140890:22)
      at Request.emit (node:events:517:28)
      at Request.<anonymous> (/usr/share/yarn/lib/cli.js:141862:10)
      at Request.emit (node:events:517:28)
      at IncomingMessage.<anonymous> (/usr/share/yarn/lib/cli.js:141784:12)
      at Object.onceWrapper (node:events:631:28)
      at IncomingMessage.emit (node:events:529:35)
      at endReadableNT (node:internal/streams/readable:1368:12)
      at process.processTicksAndRejections (node:internal/process/task_queues:82:21)

npm manifest: 
  {
       "name": "Auto-visitor-bot",
       "version": "1.0.0",
       "main": "main.js",
       "repository": "https://github.com/naix0x/Auto-visitor-bot",
       "license": "MIT",
       "scripts": {
            "start": "node main.js"
       },
       "dependencies": {
            "keygen": "^0.4.0"
       }
  }

yarn manifest: 
  No manifest

Lockfile: 
  # THIS IS AN AUTOGENERATED FILE. DO NOT EDIT THIS FILE DIRECTLY.
  # yarn lockfile v1
  
  
  keygen@^0.4.0:
    version "0.4.0"
    resolved "https://registry.npmjs.org/keygen/-/keygen-0.4.0.tgz"
    integrity sha512-Fam+Q+CaIsVWneZCBYfea6SQSTEHE4mU8bkqkT7eDOWhLEgOhDZvADDxi6q6dFLtWbeWJ9Z8YgVhBW5WhkH7Xw==
